app/build/outputs/logs/manifest-merger-debug-report.txt
-- Merging decision tree log ---
manifest
ADDED from src/main/AndroidManifest.xml:2:1-319:12
	package
		ADDED from src/main/AndroidManifest.xml:3:5-50
		INJECTED from src/main/AndroidManifest.xml
		INJECTED from src/main/AndroidManifest.xml
	android:versionName
		INJECTED from src/main/AndroidManifest.xml
		INJECTED from src/main/AndroidManifest.xml
	xmlns:android
		ADDED from src/main/AndroidManifest.xml:2:11-69
	android:versionCode
		INJECTED from src/main/AndroidManifest.xml
		INJECTED from src/main/AndroidManifest.xml
uses-permission#android.permission.READ_PHONE_STATE
ADDED from src/main/AndroidManifest.xml:5:5-75
	android:name
		ADDED from src/main/AndroidManifest.xml:5:22-72
uses-permission#android.permission.INTERNET
ADDED from src/main/AndroidManifest.xml:6:5-67
MERGED from [com.google.android.gms:play-services-gcm:8.4.0] AndroidManifest.xml:22:5-67
MERGED from [com.google.android.gms:play-services-measurement:8.4.0] AndroidManifest.xml:21:5-67
MERGED from [com.google.android.gms:play-services-maps:8.4.0] AndroidManifest.xml:21:5-66
	android:name
		ADDED from src/main/AndroidManifest.xml:6:22-64
uses-permission#android.permission.ACCESS_COARSE_LOCATION
ADDED from src/main/AndroidManifest.xml:7:5-81
	android:name
		ADDED from src/main/AndroidManifest.xml:7:22-78
uses-permission#com.google.android.c2dm.permission.RECEIVE
ADDED from src/main/AndroidManifest.xml:8:5-82
MERGED from [com.google.android.gms:play-services-gcm:8.4.0] AndroidManifest.xml:21:5-82
	android:name
		ADDED from src/main/AndroidManifest.xml:8:22-79
uses-permission#android.permission.VIBRATE
ADDED from src/main/AndroidManifest.xml:9:5-66
	android:name
		ADDED from src/main/AndroidManifest.xml:9:22-63
application
ADDED from src/main/AndroidManifest.xml:11:5-317:19
MERGED from [com.android.support:appcompat-v7:23.1.1] AndroidManifest.xml:22:5-20
MERGED from [com.android.support:support-v4:23.1.1] AndroidManifest.xml:22:5-20
MERGED from [com.android.support:design:23.1.1] AndroidManifest.xml:22:5-20
MERGED from [com.android.support:appcompat-v7:23.1.1] AndroidManifest.xml:22:5-20
MERGED from [com.android.support:support-v4:23.1.1] AndroidManifest.xml:22:5-20
MERGED from [com.android.support:support-v4:23.1.1] AndroidManifest.xml:22:5-20
MERGED from [com.android.support:support-v4:23.1.1] AndroidManifest.xml:22:5-20
MERGED from [com.google.android.gms:play-services-gcm:8.4.0] AndroidManifest.xml:24:5-20
MERGED from [com.google.android.gms:play-services-basement:8.4.0] AndroidManifest.xml:20:5-24:19
MERGED from [com.android.support:support-v4:23.1.1] AndroidManifest.xml:22:5-20
MERGED from [com.google.android.gms:play-services-measurement:8.4.0] AndroidManifest.xml:26:5-46:19
MERGED from [com.google.android.gms:play-services-basement:8.4.0] AndroidManifest.xml:20:5-24:19
MERGED from [com.android.support:support-v4:23.1.1] AndroidManifest.xml:22:5-20
MERGED from [com.google.android.gms:play-services-location:8.4.0] AndroidManifest.xml:19:5-20
MERGED from [com.google.android.gms:play-services-basement:8.4.0] AndroidManifest.xml:20:5-24:19
MERGED from [com.android.support:support-v4:23.1.1] AndroidManifest.xml:22:5-20
MERGED from [com.google.android.gms:play-services-maps:8.4.0] AndroidManifest.xml:27:5-20
MERGED from [com.google.android.gms:play-services-basement:8.4.0] AndroidManifest.xml:20:5-24:19
MERGED from [com.android.support:support-v4:23.1.1] AndroidManifest.xml:22:5-20
	android:screenOrientation
		ADDED from src/main/AndroidManifest.xml:15:9-45
	android:label
		ADDED from src/main/AndroidManifest.xml:14:9-41
	android:supportsRtl
		ADDED from src/main/AndroidManifest.xml:16:9-35
	android:allowBackup
		ADDED from src/main/AndroidManifest.xml:12:9-35
	android:icon
		ADDED from src/main/AndroidManifest.xml:13:9-43
	android:theme
		ADDED from src/main/AndroidManifest.xml:17:9-40
activity#edu.neu.madcourse.binodthapachhetry.MainActivity
ADDED from src/main/AndroidManifest.xml:18:9-28:20
	android:screenOrientation
		ADDED from src/main/AndroidManifest.xml:21:13-49
	android:label
		ADDED from src/main/AndroidManifest.xml:20:13-48
	android:theme
		ADDED from src/main/AndroidManifest.xml:22:13-56
	android:name
		ADDED from src/main/AndroidManifest.xml:19:13-41
intent-filter#android.intent.action.MAIN+android.intent.category.LAUNCHER
ADDED from src/main/AndroidManifest.xml:23:13-27:29
	android:label
		ADDED from src/main/AndroidManifest.xml:23:28-60
action#android.intent.action.MAIN
ADDED from src/main/AndroidManifest.xml:24:17-69
	android:name
		ADDED from src/main/AndroidManifest.xml:24:25-66
category#android.intent.category.LAUNCHER
ADDED from src/main/AndroidManifest.xml:26:17-77
	android:name
		ADDED from src/main/AndroidManifest.xml:26:27-74
activity#edu.neu.madcourse.binodthapachhetry.AboutActivity
ADDED from src/main/AndroidManifest.xml:29:9-37:20
	android:label
		ADDED from src/main/AndroidManifest.xml:31:13-57
	android:parentActivityName
		ADDED from src/main/AndroidManifest.xml:32:13-55
	android:theme
		ADDED from src/main/AndroidManifest.xml:33:13-56
	android:name
		ADDED from src/main/AndroidManifest.xml:30:13-42
meta-data#android.support.PARENT_ACTIVITY
ADDED from src/main/AndroidManifest.xml:34:13-36:48
	android:value
		ADDED from src/main/AndroidManifest.xml:36:17-45
	android:name
		ADDED from src/main/AndroidManifest.xml:35:17-63
activity#edu.neu.madcourse.binodthapachhetry.tictactoe.MainActivity
ADDED from src/main/AndroidManifest.xml:38:9-45:20
	android:parentActivityName
		ADDED from src/main/AndroidManifest.xml:40:13-55
	android:theme
		ADDED from src/main/AndroidManifest.xml:41:13-55
	android:name
		ADDED from src/main/AndroidManifest.xml:39:13-51
activity#edu.neu.madcourse.binodthapachhetry.tictactoe.GameActivity
ADDED from src/main/AndroidManifest.xml:46:9-53:20
	android:parentActivityName
		ADDED from src/main/AndroidManifest.xml:48:13-65
	android:theme
		ADDED from src/main/AndroidManifest.xml:49:13-55
	android:name
		ADDED from src/main/AndroidManifest.xml:47:13-51
activity#edu.neu.madcourse.binodthapachhetry.Dictionary.DictionaryActivity
ADDED from src/main/AndroidManifest.xml:54:9-62:20
	android:label
		ADDED from src/main/AndroidManifest.xml:56:13-62
	android:parentActivityName
		ADDED from src/main/AndroidManifest.xml:57:13-55
	android:theme
		ADDED from src/main/AndroidManifest.xml:58:13-56
	android:name
		ADDED from src/main/AndroidManifest.xml:55:13-58
activity#edu.neu.madcourse.binodthapachhetry.Scraggle.ScraggleMainActivity
ADDED from src/main/AndroidManifest.xml:63:9-71:20
	android:label
		ADDED from src/main/AndroidManifest.xml:65:13-65
	android:parentActivityName
		ADDED from src/main/AndroidManifest.xml:66:13-55
	android:theme
		ADDED from src/main/AndroidManifest.xml:67:13-56
	android:name
		ADDED from src/main/AndroidManifest.xml:64:13-58
activity#edu.neu.madcourse.binodthapachhetry.Scraggle.ScraggleGameActivity
ADDED from src/main/AndroidManifest.xml:72:9-81:20
	android:screenOrientation
		ADDED from src/main/AndroidManifest.xml:76:13-50
	android:label
		ADDED from src/main/AndroidManifest.xml:74:13-65
	android:parentActivityName
		ADDED from src/main/AndroidManifest.xml:75:13-72
	android:theme
		ADDED from src/main/AndroidManifest.xml:77:13-56
	android:name
		ADDED from src/main/AndroidManifest.xml:73:13-58
activity#edu.neu.madcourse.binodthapachhetry.Scraggle.ScraggleGameRules
ADDED from src/main/AndroidManifest.xml:82:9-90:20
	android:label
		ADDED from src/main/AndroidManifest.xml:84:13-71
	android:parentActivityName
		ADDED from src/main/AndroidManifest.xml:85:13-72
	android:theme
		ADDED from src/main/AndroidManifest.xml:86:13-56
	android:name
		ADDED from src/main/AndroidManifest.xml:83:13-55
meta-data#com.google.android.gms.version
ADDED from src/main/AndroidManifest.xml:95:9-97:69
MERGED from [com.google.android.gms:play-services-basement:8.4.0] AndroidManifest.xml:21:9-23:69
MERGED from [com.google.android.gms:play-services-basement:8.4.0] AndroidManifest.xml:21:9-23:69
MERGED from [com.google.android.gms:play-services-basement:8.4.0] AndroidManifest.xml:21:9-23:69
MERGED from [com.google.android.gms:play-services-basement:8.4.0] AndroidManifest.xml:21:9-23:69
	android:value
		ADDED from src/main/AndroidManifest.xml:97:13-66
	android:name
		ADDED from src/main/AndroidManifest.xml:96:13-58
activity#edu.neu.madcourse.binodthapachhetry.Communication.CommunicationMain
ADDED from src/main/AndroidManifest.xml:99:9-107:20
	android:label
		ADDED from src/main/AndroidManifest.xml:101:13-79
	android:parentActivityName
		ADDED from src/main/AndroidManifest.xml:102:13-55
	android:theme
		ADDED from src/main/AndroidManifest.xml:103:13-56
	android:name
		ADDED from src/main/AndroidManifest.xml:100:13-60
receiver#edu.neu.madcourse.binodthapachhetry.Communication.GcmBroadcastReceiver
ADDED from src/main/AndroidManifest.xml:109:9-118:20
	android:permission
		ADDED from src/main/AndroidManifest.xml:111:13-73
	android:name
		ADDED from src/main/AndroidManifest.xml:110:13-63
intent-filter#com.google.android.c2dm.intent.RECEIVE+com.google.android.c2dm.intent.REGISTRATION+edu.neu.madcourse.binodthapachhetry
ADDED from src/main/AndroidManifest.xml:112:13-117:29
action#com.google.android.c2dm.intent.RECEIVE
ADDED from src/main/AndroidManifest.xml:113:17-81
	android:name
		ADDED from src/main/AndroidManifest.xml:113:25-78
action#com.google.android.c2dm.intent.REGISTRATION
ADDED from src/main/AndroidManifest.xml:114:17-86
	android:name
		ADDED from src/main/AndroidManifest.xml:114:25-83
category#edu.neu.madcourse.binodthapachhetry
ADDED from src/main/AndroidManifest.xml:116:17-80
	android:name
		ADDED from src/main/AndroidManifest.xml:116:27-77
service#edu.neu.madcourse.binodthapachhetry.Communication.GcmIntentService
ADDED from src/main/AndroidManifest.xml:120:9-67
	android:name
		ADDED from src/main/AndroidManifest.xml:120:18-64
activity#edu.neu.madcourse.binodthapachhetry.Communication.CommunicationScraggleGameActivity
ADDED from src/main/AndroidManifest.xml:122:9-131:20
	android:screenOrientation
		ADDED from src/main/AndroidManifest.xml:126:13-50
	android:label
		ADDED from src/main/AndroidManifest.xml:124:13-65
	android:parentActivityName
		ADDED from src/main/AndroidManifest.xml:125:13-74
	android:theme
		ADDED from src/main/AndroidManifest.xml:127:13-56
	android:name
		ADDED from src/main/AndroidManifest.xml:123:13-76
activity#edu.neu.madcourse.binodthapachhetry.Communication.CommunicationScraggleGameRules
ADDED from src/main/AndroidManifest.xml:132:9-140:20
	android:label
		ADDED from src/main/AndroidManifest.xml:134:13-71
	android:parentActivityName
		ADDED from src/main/AndroidManifest.xml:135:13-90
	android:theme
		ADDED from src/main/AndroidManifest.xml:136:13-56
	android:name
		ADDED from src/main/AndroidManifest.xml:133:13-73
activity#edu.neu.madcourse.binodthapachhetry.TwoPlayerGame.TwoPlayerGameScraggleMainActivity
ADDED from src/main/AndroidManifest.xml:141:9-149:20
	android:label
		ADDED from src/main/AndroidManifest.xml:143:13-65
	android:parentActivityName
		ADDED from src/main/AndroidManifest.xml:144:13-55
	android:theme
		ADDED from src/main/AndroidManifest.xml:145:13-56
	android:name
		ADDED from src/main/AndroidManifest.xml:142:13-76
activity#edu.neu.madcourse.binodthapachhetry.TwoPlayerGame.TwoPlayerGameStart
ADDED from src/main/AndroidManifest.xml:150:9-158:20
	android:label
		ADDED from src/main/AndroidManifest.xml:152:13-79
	android:parentActivityName
		ADDED from src/main/AndroidManifest.xml:153:13-90
	android:theme
		ADDED from src/main/AndroidManifest.xml:154:13-56
	android:name
		ADDED from src/main/AndroidManifest.xml:151:13-61
activity#edu.neu.madcourse.binodthapachhetry.TwoPlayerGame.TwoPlayerGameRegisterUser
ADDED from src/main/AndroidManifest.xml:159:9-167:20
	android:label
		ADDED from src/main/AndroidManifest.xml:161:13-81
	android:parentActivityName
		ADDED from src/main/AndroidManifest.xml:162:13-75
	android:theme
		ADDED from src/main/AndroidManifest.xml:163:13-56
	android:name
		ADDED from src/main/AndroidManifest.xml:160:13-68
activity#edu.neu.madcourse.binodthapachhetry.TwoPlayerGame.TwoPlayerGameReturningUser
ADDED from src/main/AndroidManifest.xml:168:9-176:20
	android:label
		ADDED from src/main/AndroidManifest.xml:170:13-82
	android:parentActivityName
		ADDED from src/main/AndroidManifest.xml:171:13-75
	android:theme
		ADDED from src/main/AndroidManifest.xml:172:13-56
	android:name
		ADDED from src/main/AndroidManifest.xml:169:13-69
receiver#edu.neu.madcourse.binodthapachhetry.TwoPlayerGame.TwoPlayerGameGcmBroadcastReceiver
ADDED from src/main/AndroidManifest.xml:178:9-187:20
	android:permission
		ADDED from src/main/AndroidManifest.xml:180:13-73
	android:name
		ADDED from src/main/AndroidManifest.xml:179:13-76
service#edu.neu.madcourse.binodthapachhetry.TwoPlayerGame.TwoPlayerGameGcmIntentService
ADDED from src/main/AndroidManifest.xml:189:9-80
	android:name
		ADDED from src/main/AndroidManifest.xml:189:18-77
service#edu.neu.madcourse.binodthapachhetry.TwoPlayerGame.TrackingService
ADDED from src/main/AndroidManifest.xml:190:9-66
	android:name
		ADDED from src/main/AndroidManifest.xml:190:18-63
activity#edu.neu.madcourse.binodthapachhetry.TwoPlayerGame.TwoPlayerGameScraggleGameActivity
ADDED from src/main/AndroidManifest.xml:192:9-201:20
	android:screenOrientation
		ADDED from src/main/AndroidManifest.xml:196:13-50
	android:label
		ADDED from src/main/AndroidManifest.xml:194:13-65
	android:parentActivityName
		ADDED from src/main/AndroidManifest.xml:195:13-83
	android:theme
		ADDED from src/main/AndroidManifest.xml:197:13-56
	android:name
		ADDED from src/main/AndroidManifest.xml:193:13-76
activity#edu.neu.madcourse.binodthapachhetry.TwoPlayerGame.TwoPlayerGameScraggleGameRules
ADDED from src/main/AndroidManifest.xml:202:9-210:20
	android:label
		ADDED from src/main/AndroidManifest.xml:204:13-71
	android:parentActivityName
		ADDED from src/main/AndroidManifest.xml:205:13-90
	android:theme
		ADDED from src/main/AndroidManifest.xml:206:13-56
	android:name
		ADDED from src/main/AndroidManifest.xml:203:13-73
activity#edu.neu.madcourse.binodthapachhetry.FindingAstro.FindingAstroMain
ADDED from src/main/AndroidManifest.xml:211:9-225:20
	android:label
		ADDED from src/main/AndroidManifest.xml:213:13-70
	android:parentActivityName
		ADDED from src/main/AndroidManifest.xml:214:13-79
	android:theme
		ADDED from src/main/AndroidManifest.xml:215:13-56
	android:name
		ADDED from src/main/AndroidManifest.xml:212:13-58
intent-filter#android.intent.category.DEFAULT+edu.neu.madcourse.binodthapachhetry.intent.action.Launch
ADDED from src/main/AndroidManifest.xml:216:13-220:29
action#edu.neu.madcourse.binodthapachhetry.intent.action.Launch
ADDED from src/main/AndroidManifest.xml:217:17-99
	android:name
		ADDED from src/main/AndroidManifest.xml:217:25-96
category#android.intent.category.DEFAULT
ADDED from src/main/AndroidManifest.xml:219:17-76
	android:name
		ADDED from src/main/AndroidManifest.xml:219:27-73
activity#edu.neu.madcourse.binodthapachhetry.FindingAstro.findingastro_challenge
ADDED from src/main/AndroidManifest.xml:226:9-234:20
	android:label
		ADDED from src/main/AndroidManifest.xml:228:13-66
	android:parentActivityName
		ADDED from src/main/AndroidManifest.xml:229:13-72
	android:theme
		ADDED from src/main/AndroidManifest.xml:230:13-56
	android:name
		ADDED from src/main/AndroidManifest.xml:227:13-64
activity#edu.neu.madcourse.binodthapachhetry.FindingAstro.FindingAstroAccelerometer
ADDED from src/main/AndroidManifest.xml:235:9-243:20
	android:screenOrientation
		ADDED from src/main/AndroidManifest.xml:238:13-50
	android:parentActivityName
		ADDED from src/main/AndroidManifest.xml:237:13-72
	android:theme
		ADDED from src/main/AndroidManifest.xml:239:13-56
	android:name
		ADDED from src/main/AndroidManifest.xml:236:13-67
activity#edu.neu.madcourse.binodthapachhetry.FindingAstro.skyview_activity
ADDED from src/main/AndroidManifest.xml:244:9-253:20
	android:screenOrientation
		ADDED from src/main/AndroidManifest.xml:248:13-50
	android:label
		ADDED from src/main/AndroidManifest.xml:246:13-73
	android:parentActivityName
		ADDED from src/main/AndroidManifest.xml:247:13-72
	android:theme
		ADDED from src/main/AndroidManifest.xml:249:13-56
	android:name
		ADDED from src/main/AndroidManifest.xml:245:13-58
activity#edu.neu.madcourse.binodthapachhetry.FindingAstro.RotationVector
ADDED from src/main/AndroidManifest.xml:254:9-261:20
	android:label
		ADDED from src/main/AndroidManifest.xml:256:13-81
	android:theme
		ADDED from src/main/AndroidManifest.xml:257:13-56
	android:name
		ADDED from src/main/AndroidManifest.xml:255:13-56
activity#edu.neu.madcourse.binodthapachhetry.FindingAstro.Rules
ADDED from src/main/AndroidManifest.xml:262:9-269:20
	android:label
		ADDED from src/main/AndroidManifest.xml:264:13-57
	android:theme
		ADDED from src/main/AndroidManifest.xml:265:13-56
	android:name
		ADDED from src/main/AndroidManifest.xml:263:13-47
activity#edu.neu.madcourse.binodthapachhetry.FindingAstro.FindingAstroReady
ADDED from src/main/AndroidManifest.xml:270:9-277:20
	android:label
		ADDED from src/main/AndroidManifest.xml:272:13-71
	android:theme
		ADDED from src/main/AndroidManifest.xml:273:13-56
	android:name
		ADDED from src/main/AndroidManifest.xml:271:13-59
activity#edu.neu.madcourse.binodthapachhetry.FindingAstro.FindingAstroNewUser
ADDED from src/main/AndroidManifest.xml:278:9-285:20
	android:label
		ADDED from src/main/AndroidManifest.xml:280:13-74
	android:theme
		ADDED from src/main/AndroidManifest.xml:281:13-56
	android:name
		ADDED from src/main/AndroidManifest.xml:279:13-61
activity#edu.neu.madcourse.binodthapachhetry.FindingAstro.FindingAstroRegisteredUser
ADDED from src/main/AndroidManifest.xml:286:9-293:20
	android:label
		ADDED from src/main/AndroidManifest.xml:288:13-81
	android:theme
		ADDED from src/main/AndroidManifest.xml:289:13-56
	android:name
		ADDED from src/main/AndroidManifest.xml:287:13-68
receiver#edu.neu.madcourse.binodthapachhetry.FindingAstro.GCMBroadcastReveiver
ADDED from src/main/AndroidManifest.xml:295:9-304:20
	android:permission
		ADDED from src/main/AndroidManifest.xml:297:13-73
	android:name
		ADDED from src/main/AndroidManifest.xml:296:13-62
service#edu.neu.madcourse.binodthapachhetry.FindingAstro.GCMIntentService
ADDED from src/main/AndroidManifest.xml:306:9-66
	android:name
		ADDED from src/main/AndroidManifest.xml:306:18-63
activity#edu.neu.madcourse.binodthapachhetry.FindingAstro.FindingAstroDescription
ADDED from src/main/AndroidManifest.xml:308:9-316:20
	android:label
		ADDED from src/main/AndroidManifest.xml:310:13-77
	android:parentActivityName
		ADDED from src/main/AndroidManifest.xml:311:13-72
	android:theme
		ADDED from src/main/AndroidManifest.xml:312:13-56
	android:name
		ADDED from src/main/AndroidManifest.xml:309:13-65
uses-sdk
INJECTED from src/main/AndroidManifest.xml reason: use-sdk injection requested
MERGED from [com.android.support:appcompat-v7:23.1.1] AndroidManifest.xml:20:5-43
MERGED from [com.android.support:support-v4:23.1.1] AndroidManifest.xml:20:5-43
MERGED from [com.android.support:design:23.1.1] AndroidManifest.xml:20:5-43
MERGED from [com.android.support:appcompat-v7:23.1.1] AndroidManifest.xml:20:5-43
MERGED from [com.android.support:support-v4:23.1.1] AndroidManifest.xml:20:5-43
MERGED from [com.android.support:recyclerview-v7:23.1.1] AndroidManifest.xml:20:5-43
MERGED from [com.android.support:support-v4:23.1.1] AndroidManifest.xml:20:5-43
MERGED from [com.android.support:support-v4:23.1.1] AndroidManifest.xml:20:5-43
MERGED from [com.google.android.gms:play-services-gcm:8.4.0] AndroidManifest.xml:18:5-42
MERGED from [com.google.android.gms:play-services-base:8.4.0] AndroidManifest.xml:18:5-42
MERGED from [com.google.android.gms:play-services-basement:8.4.0] AndroidManifest.xml:18:5-42
MERGED from [com.android.support:support-v4:23.1.1] AndroidManifest.xml:20:5-43
MERGED from [com.google.android.gms:play-services-measurement:8.4.0] AndroidManifest.xml:18:5-42
MERGED from [com.google.android.gms:play-services-basement:8.4.0] AndroidManifest.xml:18:5-42
MERGED from [com.android.support:support-v4:23.1.1] AndroidManifest.xml:20:5-43
MERGED from [com.google.android.gms:play-services-location:8.4.0] AndroidManifest.xml:18:5-42
MERGED from [com.google.android.gms:play-services-base:8.4.0] AndroidManifest.xml:18:5-42
MERGED from [com.google.android.gms:play-services-basement:8.4.0] AndroidManifest.xml:18:5-42
MERGED from [com.android.support:support-v4:23.1.1] AndroidManifest.xml:20:5-43
MERGED from [com.google.android.gms:play-services-maps:8.4.0] AndroidManifest.xml:26:5-42
MERGED from [com.google.android.gms:play-services-base:8.4.0] AndroidManifest.xml:18:5-42
MERGED from [com.google.android.gms:play-services-basement:8.4.0] AndroidManifest.xml:18:5-42
MERGED from [com.android.support:support-v4:23.1.1] AndroidManifest.xml:20:5-43
	android:targetSdkVersion
		INJECTED from src/main/AndroidManifest.xml
		INJECTED from src/main/AndroidManifest.xml
	android:minSdkVersion
		INJECTED from src/main/AndroidManifest.xml
		INJECTED from src/main/AndroidManifest.xml
uses-permission#android.permission.ACCESS_NETWORK_STATE
ADDED from [com.google.android.gms:play-services-measurement:8.4.0] AndroidManifest.xml:22:5-79
MERGED from [com.google.android.gms:play-services-maps:8.4.0] AndroidManifest.xml:20:5-78
	android:name
		ADDED from [com.google.android.gms:play-services-measurement:8.4.0] AndroidManifest.xml:22:22-76
uses-permission#android.permission.WAKE_LOCK
ADDED from [com.google.android.gms:play-services-measurement:8.4.0] AndroidManifest.xml:24:5-67
	android:name
		ADDED from [com.google.android.gms:play-services-measurement:8.4.0] AndroidManifest.xml:24:22-65
provider#com.google.android.gms.measurement.AppMeasurementContentProvider
ADDED from [com.google.android.gms:play-services-measurement:8.4.0] AndroidManifest.xml:28:7-31:37
	android:authorities
		ADDED from [com.google.android.gms:play-services-measurement:8.4.0] AndroidManifest.xml:29:11-76
	android:exported
		ADDED from [com.google.android.gms:play-services-measurement:8.4.0] AndroidManifest.xml:31:11-35
	android:name
		ADDED from [com.google.android.gms:play-services-measurement:8.4.0] AndroidManifest.xml:30:11-90
receiver#com.google.android.gms.measurement.AppMeasurementReceiver
ADDED from [com.google.android.gms:play-services-measurement:8.4.0] AndroidManifest.xml:33:7-39:18
	android:enabled
		ADDED from [com.google.android.gms:play-services-measurement:8.4.0] AndroidManifest.xml:35:11-33
	android:name
		ADDED from [com.google.android.gms:play-services-measurement:8.4.0] AndroidManifest.xml:34:11-83
intent-filter#com.google.android.gms.measurement.UPLOAD
ADDED from [com.google.android.gms:play-services-measurement:8.4.0] AndroidManifest.xml:36:9-38:25
action#com.google.android.gms.measurement.UPLOAD
ADDED from [com.google.android.gms:play-services-measurement:8.4.0] AndroidManifest.xml:37:11-77
	android:name
		ADDED from [com.google.android.gms:play-services-measurement:8.4.0] AndroidManifest.xml:37:19-75
service#com.google.android.gms.measurement.AppMeasurementService
ADDED from [com.google.android.gms:play-services-measurement:8.4.0] AndroidManifest.xml:41:7-44:37
	android:enabled
		ADDED from [com.google.android.gms:play-services-measurement:8.4.0] AndroidManifest.xml:43:11-33
	android:exported
		ADDED from [com.google.android.gms:play-services-measurement:8.4.0] AndroidManifest.xml:44:11-35
	android:name
		ADDED from [com.google.android.gms:play-services-measurement:8.4.0] AndroidManifest.xml:42:11-82
uses-feature#0x00020000
ADDED from [com.google.android.gms:play-services-maps:8.4.0] AndroidManifest.xml:22:5-24:33
	android:glEsVersion
		ADDED from [com.google.android.gms:play-services-maps:8.4.0] AndroidManifest.xml:23:8-40
	android:required
		ADDED from [com.google.android.gms:play-services-maps:8.4.0] AndroidManifest.xml:24:8-31